WARNING 2025-10-31 08:44:54,545 log 17240 12600 Not Found: /
WARNING 2025-10-31 08:44:54,546 basehttp 17240 12600 "GET /?ide_webview_request_time=1761880494069 HTTP/1.1" 404 3627
WARNING 2025-10-31 08:44:55,478 log 17240 12600 Not Found: /@vite/client
WARNING 2025-10-31 08:44:55,479 basehttp 17240 12600 "GET /@vite/client HTTP/1.1" 404 3642
INFO 2025-10-31 08:46:51,378 autoreload 17172 8068 Watching for file changes with StatReloader
INFO 2025-10-31 08:47:20,389 basehttp 17172 6936 "GET /health/ HTTP/1.1" 200 88
INFO 2025-10-31 08:47:30,550 basehttp 17172 6936 "GET /ready/ HTTP/1.1" 200 72
WARNING 2025-10-31 08:51:25,291 log 17172 22144 Not Found: /api/
WARNING 2025-10-31 08:51:25,292 basehttp 17172 22144 "GET /api/ HTTP/1.1" 404 3618
INFO 2025-10-31 08:51:45,083 basehttp 17172 22144 "GET /api/vehicles/ HTTP/1.1" 200 209
INFO 2025-10-31 11:36:18,480 autoreload 24044 19284 Watching for file changes with StatReloader
INFO 2025-10-31 11:37:29,181 autoreload 24044 19284 C:\Users\wolf\Desktop\repairmybike\backend\repairmybike\settings.py changed, reloading.
INFO 2025-10-31 11:37:30,523 autoreload 9580 10712 Watching for file changes with StatReloader
INFO 2025-10-31 11:37:59,349 autoreload 23604 26684 Watching for file changes with StatReloader
WARNING 2025-10-31 11:38:04,889 log 23604 23668 Not Found: /
WARNING 2025-10-31 11:38:04,889 basehttp 23604 23668 "GET / HTTP/1.1" 404 3588
WARNING 2025-10-31 11:38:05,147 log 23604 23668 Not Found: /favicon.ico
WARNING 2025-10-31 11:38:05,149 basehttp 23604 23668 "GET /favicon.ico HTTP/1.1" 404 3639
WARNING 2025-10-31 11:38:06,253 log 23604 29272 Not Found: /
WARNING 2025-10-31 11:38:06,254 basehttp 23604 29272 "GET /?ide_webview_request_time=1761890886161 HTTP/1.1" 404 3627
WARNING 2025-10-31 11:38:07,782 log 23604 29272 Not Found: /@vite/client
WARNING 2025-10-31 11:38:07,783 basehttp 23604 29272 "GET /@vite/client HTTP/1.1" 404 3642
INFO 2025-10-31 19:43:32,035 autoreload 24552 25256 Watching for file changes with StatReloader
WARNING 2025-10-31 19:43:44,537 log 24552 11332 Not Found: /
WARNING 2025-10-31 19:43:44,538 basehttp 24552 11332 "GET /?ide_webview_request_time=1761920024421 HTTP/1.1" 404 3627
WARNING 2025-10-31 19:43:45,413 log 24552 11332 Not Found: /@vite/client
WARNING 2025-10-31 19:43:45,414 basehttp 24552 11332 "GET /@vite/client HTTP/1.1" 404 3642
INFO 2025-10-31 19:43:56,047 basehttp 24552 9640 "GET /health/ HTTP/1.1" 200 88
INFO 2025-10-31 20:36:40,717 autoreload 9 132759644343168 Watching for file changes with StatReloader
INFO 2025-10-31 20:48:19,521 autoreload 27864 18444 Watching for file changes with StatReloader
INFO 2025-10-31 20:48:23,041 basehttp 27864 4148 "GET / HTTP/1.1" 301 0
INFO 2025-10-31 20:48:23,084 basehttp 27864 29332 code 400, message Bad request version ('SÄu\x17vÂ\x8bÒ\x93r¯}')
ERROR 2025-10-31 20:48:23,087 basehttp 27864 29332 You're accessing the development server over HTTPS, but it only supports HTTP.
INFO 2025-10-31 20:48:23,090 basehttp 27864 26412 code 400, message Bad request version ('zz\x13\x01\x13\x02\x13\x03À+À/À,À0Ì©Ì¨À\x13À\x14\x00\x9c\x00\x9d\x00/\x005\x01\x00\x06sjj\x00\x00ÿ\x01\x00\x01\x00\x00')
ERROR 2025-10-31 20:48:23,090 basehttp 27864 26412 You're accessing the development server over HTTPS, but it only supports HTTP.
INFO 2025-10-31 20:48:31,980 basehttp 27864 29492 code 400, message Bad HTTP/0.9 request type ('\x16\x03\x01\x06à\x01\x00\x06Ü\x03\x03sQD¡\x7fÃÃ@\x8e`à0ì6QÅÚÀH\x9eÝ\x17ìÚ|\x9c\x19´ï£H®')
ERROR 2025-10-31 20:48:31,980 basehttp 27864 29492 You're accessing the development server over HTTPS, but it only supports HTTP.
INFO 2025-10-31 20:48:31,982 basehttp 27864 30276 code 400, message Bad request version ('¢31þS£\x8f\x8b\x80\xad~Ð\x0eG\x9b')
ERROR 2025-10-31 20:48:31,982 basehttp 27864 30276 You're accessing the development server over HTTPS, but it only supports HTTP.
INFO 2025-10-31 21:43:23,142 autoreload 9 134492229307264 Watching for file changes with StatReloader
INFO 2025-10-31 21:46:43,819 autoreload 9 125655403322240 Watching for file changes with StatReloader
INFO 2025-10-31 22:06:37,950 autoreload 9 125655403322240 /app/services/models.py changed, reloading.
INFO 2025-10-31 22:06:40,592 autoreload 11 128281073691520 Watching for file changes with StatReloader
INFO 2025-10-31 22:06:48,786 autoreload 11 128281073691520 /app/services/models.py changed, reloading.
INFO 2025-10-31 22:06:50,394 autoreload 13 135697895476096 Watching for file changes with StatReloader
INFO 2025-10-31 22:06:57,247 autoreload 13 135697895476096 /app/services/serializers.py changed, reloading.
INFO 2025-10-31 22:06:58,803 autoreload 15 132937312885632 Watching for file changes with StatReloader
INFO 2025-10-31 22:07:06,922 autoreload 15 132937312885632 /app/services/serializers.py changed, reloading.
INFO 2025-10-31 22:07:08,463 autoreload 17 131913533741952 Watching for file changes with StatReloader
INFO 2025-10-31 22:07:20,119 autoreload 17 131913533741952 /app/services/views.py changed, reloading.
INFO 2025-10-31 22:07:22,293 autoreload 19 138818994277248 Watching for file changes with StatReloader
INFO 2025-11-03 10:19:59,646 autoreload 29324 29332 Watching for file changes with StatReloader
INFO 2025-11-03 10:20:08,126 basehttp 29324 29760 code 400, message Bad request version ('z\x9b/`\x13')
ERROR 2025-11-03 10:20:08,127 basehttp 29324 29760 You're accessing the development server over HTTPS, but it only supports HTTP.
INFO 2025-11-03 10:20:08,131 basehttp 29324 30552 code 400, message Bad request syntax ('\x16\x03\x01\x06À\x01\x00\x06¼\x03\x03\x00»¤;xµ6?Á')
ERROR 2025-11-03 10:20:08,132 basehttp 29324 30552 You're accessing the development server over HTTPS, but it only supports HTTP.
INFO 2025-11-05 18:34:34,093 autoreload 25468 22936 Watching for file changes with StatReloader
